#! /c/Source/iverilog-install/bin/vvp
:ivl_version "12.0 (devel)" "(s20150603-1539-g2693dd32b)";
:ivl_delay_selection "TYPICAL";
:vpi_time_precision + 0;
:vpi_module "D:\iverilog\lib\ivl\system.vpi";
:vpi_module "D:\iverilog\lib\ivl\vhdl_sys.vpi";
:vpi_module "D:\iverilog\lib\ivl\vhdl_textio.vpi";
:vpi_module "D:\iverilog\lib\ivl\v2005_math.vpi";
:vpi_module "D:\iverilog\lib\ivl\va_math.vpi";
S_000001b3092a5280 .scope module, "test" "test" 2 6;
 .timescale 0 0;
v000001b30939b6d0_0 .var "a", 0 0;
v000001b30939b770_0 .var "b", 0 0;
v000001b30939b810_0 .net "o", 0 0, v000001b30939b630_0;  1 drivers
S_000001b3092a5410 .scope module, "final" "nand_gate" 2 9, 2 1 0, S_000001b3092a5280;
 .timescale 0 0;
    .port_info 0 /OUTPUT 1 "C";
    .port_info 1 /INPUT 1 "A";
    .port_info 2 /INPUT 1 "B";
v000001b309396f00_0 .net "A", 0 0, v000001b30939b6d0_0;  1 drivers
v000001b3093967d0_0 .net "B", 0 0, v000001b30939b770_0;  1 drivers
v000001b30939b630_0 .var "C", 0 0;
E_000001b30939bf60 .event anyedge, v000001b3093967d0_0, v000001b309396f00_0;
    .scope S_000001b3092a5410;
T_0 ;
    %wait E_000001b30939bf60;
    %load/vec4 v000001b309396f00_0;
    %load/vec4 v000001b3093967d0_0;
    %xor;
    %store/vec4 v000001b30939b630_0, 0, 1;
    %jmp T_0;
    .thread T_0, $push;
    .scope S_000001b3092a5280;
T_1 ;
    %vpi_call 2 11 "$display", "ABY" {0 0 0};
    %vpi_call 2 12 "$monitor", v000001b30939b6d0_0, v000001b30939b770_0, v000001b30939b810_0 {0 0 0};
    %pushi/vec4 0, 0, 1;
    %store/vec4 v000001b30939b6d0_0, 0, 1;
    %pushi/vec4 0, 0, 1;
    %store/vec4 v000001b30939b770_0, 0, 1;
    %delay 2, 0;
    %pushi/vec4 0, 0, 1;
    %store/vec4 v000001b30939b6d0_0, 0, 1;
    %pushi/vec4 1, 0, 1;
    %store/vec4 v000001b30939b770_0, 0, 1;
    %delay 2, 0;
    %pushi/vec4 1, 0, 1;
    %store/vec4 v000001b30939b6d0_0, 0, 1;
    %pushi/vec4 0, 0, 1;
    %store/vec4 v000001b30939b770_0, 0, 1;
    %delay 2, 0;
    %pushi/vec4 1, 0, 1;
    %store/vec4 v000001b30939b6d0_0, 0, 1;
    %pushi/vec4 1, 0, 1;
    %store/vec4 v000001b30939b770_0, 0, 1;
    %end;
    .thread T_1;
# The file index is used to find the file name in the following table.
:file_names 3;
    "N/A";
    "<interactive>";
    "xor_bm.v";
