#! /c/Source/iverilog-install/bin/vvp
:ivl_version "12.0 (devel)" "(s20150603-1539-g2693dd32b)";
:ivl_delay_selection "TYPICAL";
:vpi_time_precision + 0;
:vpi_module "D:\iverilog\lib\ivl\system.vpi";
:vpi_module "D:\iverilog\lib\ivl\vhdl_sys.vpi";
:vpi_module "D:\iverilog\lib\ivl\vhdl_textio.vpi";
:vpi_module "D:\iverilog\lib\ivl\v2005_math.vpi";
:vpi_module "D:\iverilog\lib\ivl\va_math.vpi";
S_000001731a475e00 .scope module, "test" "test" 2 10;
 .timescale 0 0;
v000001731a4427a0_0 .var "a", 0 0;
v000001731a4c1da0_0 .var "b", 0 0;
v000001731a4c1ee0_0 .net "c", 0 0, L_000001731a442840;  1 drivers
v000001731a4c1e40_0 .net "s", 0 0, L_000001731a442f70;  1 drivers
S_000001731a475f90 .scope module, "op1" "result1" 2 13, 2 1 0, S_000001731a475e00;
 .timescale 0 0;
    .port_info 0 /OUTPUT 1 "C";
    .port_info 1 /INPUT 1 "A";
    .port_info 2 /INPUT 1 "B";
L_000001731a475500 .functor NOT 1, v000001731a4427a0_0, C4<0>, C4<0>, C4<0>;
L_000001731a569d40 .functor AND 1, L_000001731a475500, v000001731a4c1da0_0, C4<1>, C4<1>;
L_000001731a442cb0 .functor NOT 1, v000001731a4c1da0_0, C4<0>, C4<0>, C4<0>;
L_000001731a442e10 .functor AND 1, v000001731a4427a0_0, L_000001731a442cb0, C4<1>, C4<1>;
L_000001731a442f70 .functor OR 1, L_000001731a569d40, L_000001731a442e10, C4<0>, C4<0>;
v000001731a569ca0_0 .net "A", 0 0, v000001731a4427a0_0;  1 drivers
v000001731a476120_0 .net "B", 0 0, v000001731a4c1da0_0;  1 drivers
v000001731a4761c0_0 .net "C", 0 0, L_000001731a442f70;  alias, 1 drivers
v000001731a56ba40_0 .net *"_ivl_0", 0 0, L_000001731a475500;  1 drivers
v000001731a56bae0_0 .net *"_ivl_2", 0 0, L_000001731a569d40;  1 drivers
v000001731a56bb80_0 .net *"_ivl_4", 0 0, L_000001731a442cb0;  1 drivers
v000001731a56bc20_0 .net *"_ivl_6", 0 0, L_000001731a442e10;  1 drivers
S_000001731a4424d0 .scope module, "op2" "result2" 2 14, 2 5 0, S_000001731a475e00;
 .timescale 0 0;
    .port_info 0 /OUTPUT 1 "C";
    .port_info 1 /INPUT 1 "A";
    .port_info 2 /INPUT 1 "B";
L_000001731a442840 .functor AND 1, v000001731a4427a0_0, v000001731a4c1da0_0, C4<1>, C4<1>;
v000001731a56bcc0_0 .net "A", 0 0, v000001731a4427a0_0;  alias, 1 drivers
v000001731a442660_0 .net "B", 0 0, v000001731a4c1da0_0;  alias, 1 drivers
v000001731a442700_0 .net "C", 0 0, L_000001731a442840;  alias, 1 drivers
    .scope S_000001731a475e00;
T_0 ;
    %vpi_call 2 16 "$display", "ABSC" {0 0 0};
    %vpi_call 2 17 "$monitor", v000001731a4427a0_0, v000001731a4c1da0_0, v000001731a4c1e40_0, v000001731a4c1ee0_0 {0 0 0};
    %pushi/vec4 0, 0, 1;
    %store/vec4 v000001731a4427a0_0, 0, 1;
    %pushi/vec4 0, 0, 1;
    %store/vec4 v000001731a4c1da0_0, 0, 1;
    %delay 2, 0;
    %pushi/vec4 0, 0, 1;
    %store/vec4 v000001731a4427a0_0, 0, 1;
    %pushi/vec4 1, 0, 1;
    %store/vec4 v000001731a4c1da0_0, 0, 1;
    %delay 2, 0;
    %pushi/vec4 1, 0, 1;
    %store/vec4 v000001731a4427a0_0, 0, 1;
    %pushi/vec4 0, 0, 1;
    %store/vec4 v000001731a4c1da0_0, 0, 1;
    %delay 2, 0;
    %pushi/vec4 1, 0, 1;
    %store/vec4 v000001731a4427a0_0, 0, 1;
    %pushi/vec4 1, 0, 1;
    %store/vec4 v000001731a4c1da0_0, 0, 1;
    %end;
    .thread T_0;
# The file index is used to find the file name in the following table.
:file_names 3;
    "N/A";
    "<interactive>";
    "prog3_dm.v";
